<?xml version="1.0" encoding="UTF-8"?>
<!-- Generated by org.testng.reporters.JUnitReportReporter -->
<testsuite skipped="0" hostname="ly-PC" name="com.order.main.Go" tests="1" failures="0" timestamp="02 三月 2018 09:55:41 GMT" time="40.661" errors="1">
  <testcase name="addContact" time="40.661" classname="com.order.main.Go">
    <error type="org.openqa.selenium.NoSuchElementException" message="An element could not be located on the page using the given search parameters. (WARNING: The server did not provide any stacktrace information)
Command duration or timeout: 122 milliseconds
For documentation on this error, please visit: http://seleniumhq.org/exceptions/no_such_element.html
Build info: version: &#039;2.45.0&#039;, revision: &#039;5017cb8&#039;, time: &#039;2015-02-27 00:00:10&#039;
System info: host: &#039;ly-PC&#039;, ip: &#039;10.1.10.80&#039;, os.name: &#039;Windows 7&#039;, os.arch: &#039;amd64&#039;, os.version: &#039;6.1&#039;, java.version: &#039;1.8.0_91&#039;
Driver info: io.appium.java_client.android.AndroidDriver
Capabilities [{appPackage=com.wanhuhealth.wanhupatient.test, unicodekeyboard=true, networkConnectionEnabled=true, warnings={}, databaseEnabled=false, deviceName=5ab0fae3, platform=LINUX, appActivity=com.wanhuhealth.wanhupatient.app.activity.LoginActivity, desired={appPackage=com.wanhuhealth.wanhupatient.test, appActivity=com.wanhuhealth.wanhupatient.app.activity.LoginActivity, unicodekeyboard=true, platformVersion=4.4.4, browserName=, sessionOverride=true, platformName=Android, deviceName=5ab0fae3, resetKeyboard=true}, platformVersion=4.4.4, webStorageEnabled=false, locationContextEnabled=false, browserName=, takesScreenshot=true, javascriptEnabled=true, sessionOverride=true, platformName=Android, resetKeyboard=true}]
Session ID: 1bda0c2b-4964-492a-8f04-e903ff151fd7
*** Element info: {Using=id, value=com.wanhuhealth.wanhupatient.test:id/btn_tosearch}">
      <![CDATA[org.openqa.selenium.NoSuchElementException: An element could not be located on the page using the given search parameters. (WARNING: The server did not provide any stacktrace information)Command duration or timeout: 122 millisecondsFor documentation on this error, please visit: http://seleniumhq.org/exceptions/no_such_element.htmlBuild info: version: '2.45.0', revision: '5017cb8', time: '2015-02-27 00:00:10'System info: host: 'ly-PC', ip: '10.1.10.80', os.name: 'Windows 7', os.arch: 'amd64', os.version: '6.1', java.version: '1.8.0_91'Driver info: io.appium.java_client.android.AndroidDriverCapabilities [{appPackage=com.wanhuhealth.wanhupatient.test, unicodekeyboard=true, networkConnectionEnabled=true, warnings={}, databaseEnabled=false, deviceName=5ab0fae3, platform=LINUX, appActivity=com.wanhuhealth.wanhupatient.app.activity.LoginActivity, desired={appPackage=com.wanhuhealth.wanhupatient.test, appActivity=com.wanhuhealth.wanhupatient.app.activity.LoginActivity, unicodekeyboard=true, platformVersion=4.4.4, browserName=, sessionOverride=true, platformName=Android, deviceName=5ab0fae3, resetKeyboard=true}, platformVersion=4.4.4, webStorageEnabled=false, locationContextEnabled=false, browserName=, takesScreenshot=true, javascriptEnabled=true, sessionOverride=true, platformName=Android, resetKeyboard=true}]Session ID: 1bda0c2b-4964-492a-8f04-e903ff151fd7*** Element info: {Using=id, value=com.wanhuhealth.wanhupatient.test:id/btn_tosearch}at sun.reflect.NativeConstructorAccessorImpl.newInstance0(Native Method)at sun.reflect.NativeConstructorAccessorImpl.newInstance(NativeConstructorAccessorImpl.java:62)at sun.reflect.DelegatingConstructorAccessorImpl.newInstance(DelegatingConstructorAccessorImpl.java:45)at java.lang.reflect.Constructor.newInstance(Constructor.java:423)at org.openqa.selenium.remote.ErrorHandler.createThrowable(ErrorHandler.java:204)at org.openqa.selenium.remote.ErrorHandler.throwIfResponseFailed(ErrorHandler.java:156)at org.openqa.selenium.remote.RemoteWebDriver.execute(RemoteWebDriver.java:599)at io.appium.java_client.DefaultGenericMobileDriver.execute(DefaultGenericMobileDriver.java:42)at io.appium.java_client.AppiumDriver.execute(AppiumDriver.java:1)at io.appium.java_client.android.AndroidDriver.execute(AndroidDriver.java:1)at org.openqa.selenium.remote.RemoteWebDriver.findElement(RemoteWebDriver.java:352)at org.openqa.selenium.remote.RemoteWebDriver.findElementById(RemoteWebDriver.java:393)at io.appium.java_client.DefaultGenericMobileDriver.findElementById(DefaultGenericMobileDriver.java:62)at io.appium.java_client.AppiumDriver.findElementById(AppiumDriver.java:1)at io.appium.java_client.android.AndroidDriver.findElementById(AndroidDriver.java:1)at com.order.main.Go.addContact(Go.java:72)at sun.reflect.NativeMethodAccessorImpl.invoke0(Native Method)at sun.reflect.NativeMethodAccessorImpl.invoke(NativeMethodAccessorImpl.java:62)at sun.reflect.DelegatingMethodAccessorImpl.invoke(DelegatingMethodAccessorImpl.java:43)at java.lang.reflect.Method.invoke(Method.java:498)at org.testng.internal.MethodInvocationHelper.invokeMethod(MethodInvocationHelper.java:124)at org.testng.internal.Invoker.invokeMethod(Invoker.java:571)at org.testng.internal.Invoker.invokeTestMethod(Invoker.java:707)at org.testng.internal.Invoker.invokeTestMethods(Invoker.java:979)at org.testng.internal.TestMethodWorker.invokeTestMethods(TestMethodWorker.java:125)at org.testng.internal.TestMethodWorker.run(TestMethodWorker.java:109)at org.testng.TestRunner.privateRun(TestRunner.java:648)at org.testng.TestRunner.run(TestRunner.java:505)at org.testng.SuiteRunner.runTest(SuiteRunner.java:455)at org.testng.SuiteRunner.runSequentially(SuiteRunner.java:450)at org.testng.SuiteRunner.privateRun(SuiteRunner.java:415)at org.testng.SuiteRunner.run(SuiteRunner.java:364)at org.testng.SuiteRunnerWorker.runSuite(SuiteRunnerWorker.java:52)at org.testng.SuiteRunnerWorker.run(SuiteRunnerWorker.java:84)at org.testng.TestNG.runSuitesSequentially(TestNG.java:1187)at org.testng.TestNG.runSuitesLocally(TestNG.java:1116)at org.testng.TestNG.runSuites(TestNG.java:1028)at org.testng.TestNG.run(TestNG.java:996)at org.testng.remote.AbstractRemoteTestNG.run(AbstractRemoteTestNG.java:114)at org.testng.remote.RemoteTestNG.initAndRun(RemoteTestNG.java:251)at org.testng.remote.RemoteTestNG.main(RemoteTestNG.java:77)]]>
    </error>
  </testcase> <!-- addContact -->
</testsuite> <!-- com.order.main.Go -->
